<?xml version="1.0" encoding="UTF-8"?>
<!-- Generated by org.testng.reporters.JUnitReportReporter -->
<testsuite skipped="0" hostname="MIS01017122" name="practice.MavenSel.RadioButton" tests="1" failures="0" timestamp="23 Jul 2018 20:00:53 GMT" time="17.018" errors="0">
  <testcase name="dropdown" time="17.018" classname="practice.MavenSel.RadioButton"/>
</testsuite> <!-- practice.MavenSel.RadioButton -->
